  User.cpp
c:\users\parkminhyun\documents\multichatting_gui\multichat_gui\multichat_gui\user.cpp(105): warning C4244: '인수': 'time_t'에서 'unsigned int'(으)로 변환하면서 데이터가 손실될 수 있습니다.
c:\users\parkminhyun\documents\multichatting_gui\multichat_gui\multichat_gui\user.cpp(107): warning C4996: 'itoa': The POSIX name for this item is deprecated. Instead, use the ISO C and C++ conformant name: _itoa. See online help for details.
  c:\program files (x86)\windows kits\10\include\10.0.15063.0\ucrt\stdlib.h(1334): note: 'itoa' 선언을 참조하십시오.
c:\users\parkminhyun\documents\multichatting_gui\multichat_gui\multichat_gui\user.cpp(209): warning C4996: 'sprintf': This function or variable may be unsafe. Consider using sprintf_s instead. To disable deprecation, use _CRT_SECURE_NO_WARNINGS. See online help for details.
  c:\program files (x86)\windows kits\10\include\10.0.15063.0\ucrt\stdio.h(1772): note: 'sprintf' 선언을 참조하십시오.
c:\users\parkminhyun\documents\multichatting_gui\multichat_gui\multichat_gui\user.cpp(227): warning C4996: 'strcpy': This function or variable may be unsafe. Consider using strcpy_s instead. To disable deprecation, use _CRT_SECURE_NO_WARNINGS. See online help for details.
  c:\program files (x86)\windows kits\10\include\10.0.15063.0\ucrt\string.h(136): note: 'strcpy' 선언을 참조하십시오.
c:\users\parkminhyun\documents\multichatting_gui\multichat_gui\multichat_gui\user.cpp(241): warning C4996: 'sprintf': This function or variable may be unsafe. Consider using sprintf_s instead. To disable deprecation, use _CRT_SECURE_NO_WARNINGS. See online help for details.
  c:\program files (x86)\windows kits\10\include\10.0.15063.0\ucrt\stdio.h(1772): note: 'sprintf' 선언을 참조하십시오.
c:\users\parkminhyun\documents\multichatting_gui\multichat_gui\multichat_gui\user.cpp(244): warning C4996: 'sprintf': This function or variable may be unsafe. Consider using sprintf_s instead. To disable deprecation, use _CRT_SECURE_NO_WARNINGS. See online help for details.
  c:\program files (x86)\windows kits\10\include\10.0.15063.0\ucrt\stdio.h(1772): note: 'sprintf' 선언을 참조하십시오.
c:\users\parkminhyun\documents\multichatting_gui\multichat_gui\multichat_gui\user.cpp(276): warning C4996: 'vsprintf': This function or variable may be unsafe. Consider using vsprintf_s instead. To disable deprecation, use _CRT_SECURE_NO_WARNINGS. See online help for details.
  c:\program files (x86)\windows kits\10\include\10.0.15063.0\ucrt\stdio.h(1467): note: 'vsprintf' 선언을 참조하십시오.
c:\users\parkminhyun\documents\multichatting_gui\multichat_gui\multichat_gui\user.cpp(366): warning C4018: '<': signed 또는 unsigned가 일치하지 않습니다.
c:\users\parkminhyun\documents\multichatting_gui\multichat_gui\multichat_gui\user.cpp(316): warning C4996: 'inet_addr': Use inet_pton() or InetPton() instead or define _WINSOCK_DEPRECATED_NO_WARNINGS to disable deprecated API warnings
  c:\program files (x86)\windows kits\10\include\10.0.15063.0\um\winsock2.h(1830): note: 'inet_addr' 선언을 참조하십시오.
c:\users\parkminhyun\documents\multichatting_gui\multichat_gui\multichat_gui\user.cpp(373): warning C4996: 'strncpy': This function or variable may be unsafe. Consider using strncpy_s instead. To disable deprecation, use _CRT_SECURE_NO_WARNINGS. See online help for details.
  c:\program files (x86)\windows kits\10\include\10.0.15063.0\ucrt\string.h(343): note: 'strncpy' 선언을 참조하십시오.
c:\users\parkminhyun\documents\multichatting_gui\multichat_gui\multichat_gui\user.cpp(374): warning C4996: 'strtok': This function or variable may be unsafe. Consider using strtok_s instead. To disable deprecation, use _CRT_SECURE_NO_WARNINGS. See online help for details.
  c:\program files (x86)\windows kits\10\include\10.0.15063.0\ucrt\string.h(439): note: 'strtok' 선언을 참조하십시오.
c:\users\parkminhyun\documents\multichatting_gui\multichat_gui\multichat_gui\user.cpp(378): warning C4996: 'strtok': This function or variable may be unsafe. Consider using strtok_s instead. To disable deprecation, use _CRT_SECURE_NO_WARNINGS. See online help for details.
  c:\program files (x86)\windows kits\10\include\10.0.15063.0\ucrt\string.h(439): note: 'strtok' 선언을 참조하십시오.
c:\users\parkminhyun\documents\multichatting_gui\multichat_gui\multichat_gui\user.cpp(380): warning C4996: 'strcpy': This function or variable may be unsafe. Consider using strcpy_s instead. To disable deprecation, use _CRT_SECURE_NO_WARNINGS. See online help for details.
  c:\program files (x86)\windows kits\10\include\10.0.15063.0\ucrt\string.h(136): note: 'strcpy' 선언을 참조하십시오.
c:\users\parkminhyun\documents\multichatting_gui\multichat_gui\multichat_gui\user.cpp(384): warning C4996: 'sprintf': This function or variable may be unsafe. Consider using sprintf_s instead. To disable deprecation, use _CRT_SECURE_NO_WARNINGS. See online help for details.
  c:\program files (x86)\windows kits\10\include\10.0.15063.0\ucrt\stdio.h(1772): note: 'sprintf' 선언을 참조하십시오.
c:\users\parkminhyun\documents\multichatting_gui\multichat_gui\multichat_gui\user.cpp(390): warning C4996: 'sprintf': This function or variable may be unsafe. Consider using sprintf_s instead. To disable deprecation, use _CRT_SECURE_NO_WARNINGS. See online help for details.
  c:\program files (x86)\windows kits\10\include\10.0.15063.0\ucrt\stdio.h(1772): note: 'sprintf' 선언을 참조하십시오.
c:\users\parkminhyun\documents\multichatting_gui\multichat_gui\multichat_gui\user.cpp(400): warning C4996: 'itoa': The POSIX name for this item is deprecated. Instead, use the ISO C and C++ conformant name: _itoa. See online help for details.
  c:\program files (x86)\windows kits\10\include\10.0.15063.0\ucrt\stdlib.h(1334): note: 'itoa' 선언을 참조하십시오.
c:\users\parkminhyun\documents\multichatting_gui\multichat_gui\multichat_gui\user.cpp(405): warning C4996: 'sprintf': This function or variable may be unsafe. Consider using sprintf_s instead. To disable deprecation, use _CRT_SECURE_NO_WARNINGS. See online help for details.
  c:\program files (x86)\windows kits\10\include\10.0.15063.0\ucrt\stdio.h(1772): note: 'sprintf' 선언을 참조하십시오.
c:\users\parkminhyun\documents\multichatting_gui\multichat_gui\multichat_gui\user.cpp(451): warning C4996: 'inet_addr': Use inet_pton() or InetPton() instead or define _WINSOCK_DEPRECATED_NO_WARNINGS to disable deprecated API warnings
  c:\program files (x86)\windows kits\10\include\10.0.15063.0\um\winsock2.h(1830): note: 'inet_addr' 선언을 참조하십시오.
c:\users\parkminhyun\documents\multichatting_gui\multichat_gui\multichat_gui\user.cpp(483): warning C4996: 'sprintf': This function or variable may be unsafe. Consider using sprintf_s instead. To disable deprecation, use _CRT_SECURE_NO_WARNINGS. See online help for details.
  c:\program files (x86)\windows kits\10\include\10.0.15063.0\ucrt\stdio.h(1772): note: 'sprintf' 선언을 참조하십시오.
c:\users\parkminhyun\documents\multichatting_gui\multichat_gui\multichat_gui\user.cpp(492): warning C4996: 'sprintf': This function or variable may be unsafe. Consider using sprintf_s instead. To disable deprecation, use _CRT_SECURE_NO_WARNINGS. See online help for details.
  c:\program files (x86)\windows kits\10\include\10.0.15063.0\ucrt\stdio.h(1772): note: 'sprintf' 선언을 참조하십시오.
c:\users\parkminhyun\documents\multichatting_gui\multichat_gui\multichat_gui\user.cpp(495): warning C4996: 'sprintf': This function or variable may be unsafe. Consider using sprintf_s instead. To disable deprecation, use _CRT_SECURE_NO_WARNINGS. See online help for details.
  c:\program files (x86)\windows kits\10\include\10.0.15063.0\ucrt\stdio.h(1772): note: 'sprintf' 선언을 참조하십시오.
c:\users\parkminhyun\documents\multichatting_gui\multichat_gui\multichat_gui\user.cpp(498): warning C4996: 'sprintf': This function or variable may be unsafe. Consider using sprintf_s instead. To disable deprecation, use _CRT_SECURE_NO_WARNINGS. See online help for details.
  c:\program files (x86)\windows kits\10\include\10.0.15063.0\ucrt\stdio.h(1772): note: 'sprintf' 선언을 참조하십시오.
c:\users\parkminhyun\documents\multichatting_gui\multichat_gui\multichat_gui\user.cpp(459): warning C4101: 'len' :참조되지 않은 지역 변수입니다.
  MultiChat_GUI.vcxproj -> C:\Users\ParkMinHyun\Documents\MultiChatting_GUI\MultiChat_GUI\Debug\MultiChat_GUI.exe
  MultiChat_GUI.vcxproj -> C:\Users\ParkMinHyun\Documents\MultiChatting_GUI\MultiChat_GUI\Debug\MultiChat_GUI.pdb (Partial PDB)
